<?xml version="1.0" encoding="UTF-8"?>
<!-- Generated by org.testng.reporters.JUnitReportReporter -->
<testsuite hostname="LAPTOP-L9994BNO" failures="0" tests="1" name="fisdom.booking" time="2.752" errors="0" timestamp="2020-05-02T13:22:47 IST" skipped="0">
  <testcase classname="fisdom.booking" name="testResponseData" time="2.752"/>
</testsuite> <!-- fisdom.booking -->
